2022-08-12 00:18:22 INFO  TestBase:40 - ***********Starting the execution*****************
  2022-08-12 00:18:22 INFO  TestBase:41 - Start excution
  2022-08-12 01:08:15 INFO  TestBase:40 - ***********Starting the execution*****************
  2022-08-12 01:08:15 INFO  TestBase:41 - Start excution
  2022-08-12 01:10:57 INFO  TestBase:40 - ***********Starting the execution*****************
  2022-08-12 01:10:57 INFO  TestBase:41 - Start excution
  2022-08-12 01:11:44 INFO  TestBase:65 - entering application URL
  2022-08-12 01:12:03 INFO  LoginPageTest:72 - browser is closed
  2022-08-12 01:12:03 INFO  TestBase:40 - ***********Starting the execution*****************
  2022-08-12 01:12:03 INFO  TestBase:41 - Start excution
  2022-08-12 01:14:04 INFO  TestBase:40 - ***********Starting the execution*****************
  2022-08-12 01:14:04 INFO  TestBase:41 - Start excution
  2022-08-12 01:15:12 INFO  TestBase:40 - ***********Starting the execution*****************
  2022-08-12 01:15:12 INFO  TestBase:41 - Start excution
  2022-08-12 01:15:41 INFO  TestBase:65 - entering application URL
  2022-08-12 01:15:52 INFO  TestBase:40 - ***********Starting the execution*****************
  2022-08-12 01:15:52 INFO  TestBase:41 - Start excution
  2022-08-12 01:16:29 INFO  TestBase:40 - ***********Starting the execution*****************
  2022-08-12 01:16:29 INFO  TestBase:41 - Start excution
  2022-08-12 01:27:45 INFO  TestBase:40 - ***********Starting the execution*****************
  2022-08-12 01:27:45 INFO  TestBase:41 - Start excution
  2022-08-12 01:28:39 INFO  TestBase:65 - entering application URL
  2022-08-12 01:31:53 INFO  TestBase:40 - ***********Starting the execution*****************
  2022-08-12 01:31:53 INFO  TestBase:41 - Start excution
  2022-08-12 01:37:53 INFO  TestBase:40 - ***********Starting the execution*****************
  2022-08-12 01:37:53 INFO  TestBase:41 - Start excution
  2022-08-12 01:38:38 INFO  TestBase:65 - entering application URL
  2022-08-12 01:38:38 INFO  TestBase:40 - ***********Starting the execution*****************
  2022-08-12 01:38:38 INFO  TestBase:41 - Start excution
  2022-08-12 01:39:08 INFO  TestBase:65 - entering application URL
  2022-08-12 01:40:01 INFO  TestBase:40 - ***********Starting the execution*****************
  2022-08-12 01:40:01 INFO  TestBase:41 - Start excution
  2022-08-12 01:43:08 INFO  TestBase:40 - ***********Starting the execution*****************
  2022-08-12 01:43:08 INFO  TestBase:41 - Start excution
  2022-08-12 01:43:27 INFO  TestBase:65 - entering application URL
  2022-08-12 01:44:22 INFO  TestBase:40 - ***********Starting the execution*****************
  2022-08-12 01:44:22 INFO  TestBase:41 - Start excution
  2022-08-12 01:44:33 INFO  TestBase:65 - entering application URL
  2022-08-12 01:44:40 INFO  TestBase:40 - ***********Starting the execution*****************
  2022-08-12 01:44:40 INFO  TestBase:41 - Start excution
  2022-08-12 01:44:50 INFO  TestBase:65 - entering application URL
  2022-08-12 01:45:30 INFO  TestBase:40 - ***********Starting the execution*****************
  2022-08-12 01:45:30 INFO  TestBase:41 - Start excution
  2022-08-12 01:45:57 INFO  TestBase:65 - entering application URL
  2022-08-12 01:47:20 INFO  TestBase:40 - ***********Starting the execution*****************
  2022-08-12 01:47:20 INFO  TestBase:41 - Start excution
  2022-08-12 01:47:30 INFO  TestBase:65 - entering application URL
  2022-08-12 01:47:33 INFO  LoginPageTest:57 - login successful with username: sinkykumariverma@gmail.com
  2022-08-12 01:47:35 INFO  LoginPageTest:72 - browser is closed
  2022-08-12 01:47:35 INFO  TestBase:40 - ***********Starting the execution*****************
  2022-08-12 01:47:35 INFO  TestBase:41 - Start excution
  2022-08-12 01:47:42 INFO  TestBase:65 - entering application URL
  2022-08-12 01:47:44 INFO  LoginPageTest:57 - login successful with username: rajpiya241@gmail.com
  2022-08-12 01:47:46 INFO  LoginPageTest:72 - browser is closed
  2022-08-12 01:47:46 INFO  TestBase:40 - ***********Starting the execution*****************
  2022-08-12 01:47:46 INFO  TestBase:41 - Start excution
  2022-08-12 01:47:55 INFO  TestBase:65 - entering application URL
  2022-08-12 01:47:58 INFO  LoginPageTest:72 - browser is closed
  2022-08-12 01:47:58 INFO  TestBase:40 - ***********Starting the execution*****************
  2022-08-12 01:47:58 INFO  TestBase:41 - Start excution
  2022-08-12 01:48:03 INFO  TestBase:65 - entering application URL
  2022-08-12 01:48:06 INFO  LoginPageTest:72 - browser is closed
  